2017-12-05 13:02:00 ftp://se%40yoanlecoq.com@yoanlecoq.com/Models/Materials.meta -> /mnt/data/school/Stone Edge/StoneEdge/Assets/Models/Materials.meta 0-192 1.6 KiB/s
2017-12-05 13:02:00 ftp://se%40yoanlecoq.com@yoanlecoq.com/Models/untitled.fbx -> /mnt/data/school/Stone Edge/StoneEdge/Assets/Models/untitled.fbx 0-13693 108.6 KiB/s
2017-12-05 13:02:00 ftp://se%40yoanlecoq.com@yoanlecoq.com/Models/untitled.fbx.meta -> /mnt/data/school/Stone Edge/StoneEdge/Assets/Models/untitled.fbx.meta 0-2092 22.3 KiB/s
2017-12-05 13:02:00 ftp://se%40yoanlecoq.com@yoanlecoq.com/Models/Materials/Material.mat -> /mnt/data/school/Stone Edge/StoneEdge/Assets/Models/Materials/Material.mat 0-2002 25.5 KiB/s
2017-12-05 13:02:00 ftp://se%40yoanlecoq.com@yoanlecoq.com/Models/Materials/Material.mat.meta -> /mnt/data/school/Stone Edge/StoneEdge/Assets/Models/Materials/Material.mat.meta 0-208 2.6 KiB/s
2017-12-05 13:04:28 /mnt/data/school/Stone Edge/StoneEdge/Assets/Models/guardian/guardian_1.blend -> ftp://se%40yoanlecoq.com@yoanlecoq.com/Models/guardian/guardian_1.blend 0-657692 1.41 MiB/s
2017-12-05 13:04:28 /mnt/data/school/Stone Edge/StoneEdge/Assets/Models/guardian/guardian_1.blend1 -> ftp://se%40yoanlecoq.com@yoanlecoq.com/Models/guardian/guardian_1.blend1 0-657692 1.51 MiB/s
2017-12-05 13:04:28 /mnt/data/school/Stone Edge/StoneEdge/Assets/Models/guardian/guardian_ref.jpg -> ftp://se%40yoanlecoq.com@yoanlecoq.com/Models/guardian/guardian_ref.jpg 0-43255 483.1 KiB/s
2017-12-05 13:04:28 /mnt/data/school/Stone Edge/StoneEdge/Assets/Models/guardian/renders/preview_guardian_0001.png -> ftp://se%40yoanlecoq.com@yoanlecoq.com/Models/guardian/renders/preview_guardian_0001.png 0-157331 672.9 KiB/s
2017-12-05 13:04:29 /mnt/data/school/Stone Edge/StoneEdge/Assets/Models/guardian/renders/preview_guardian_0002.png -> ftp://se%40yoanlecoq.com@yoanlecoq.com/Models/guardian/renders/preview_guardian_0002.png 0-153769 709.1 KiB/s
2017-12-05 13:04:29 /mnt/data/school/Stone Edge/StoneEdge/Assets/Models/guardian/renders/preview_guardian_0003.png -> ftp://se%40yoanlecoq.com@yoanlecoq.com/Models/guardian/renders/preview_guardian_0003.png 0-127585 798.2 KiB/s
2018-01-14 16:59:22 ftp://se%40yoanlecoq.com@yoanlecoq.com/Models/guardian.meta -> /mnt/data/school/Stone Edge/StoneEdge/Assets/Models/guardian.meta 0-192 978 B/s
2018-01-14 16:59:22 ftp://se%40yoanlecoq.com@yoanlecoq.com/Models/railtest.fbx -> /mnt/data/school/Stone Edge/StoneEdge/Assets/Models/railtest.fbx 0-68652 98.8 KiB/s
2018-01-14 16:59:22 ftp://se%40yoanlecoq.com@yoanlecoq.com/Models/railtest.fbx.meta -> /mnt/data/school/Stone Edge/StoneEdge/Assets/Models/railtest.fbx.meta 0-2117 7.3 KiB/s
2018-01-14 16:59:24 ftp://se%40yoanlecoq.com@yoanlecoq.com/Models/Materials/Material.002.mat -> /mnt/data/school/Stone Edge/StoneEdge/Assets/Models/Materials/Material.002.mat 0-2026 9.5 KiB/s
2018-01-14 16:59:24 ftp://se%40yoanlecoq.com@yoanlecoq.com/Models/Materials/Material.002.mat.meta -> /mnt/data/school/Stone Edge/StoneEdge/Assets/Models/Materials/Material.002.mat.meta 0-208 957 B/s
2018-01-14 16:59:25 ftp://se%40yoanlecoq.com@yoanlecoq.com/Models/guardian/Materials.meta -> /mnt/data/school/Stone Edge/StoneEdge/Assets/Models/guardian/Materials.meta 0-192 612 B/s
2018-01-14 16:59:25 ftp://se%40yoanlecoq.com@yoanlecoq.com/Models/guardian/guardian_1.blend.meta -> /mnt/data/school/Stone Edge/StoneEdge/Assets/Models/guardian/guardian_1.blend.meta 0-4643 10.8 KiB/s
2018-01-14 16:59:25 ftp://se%40yoanlecoq.com@yoanlecoq.com/Models/guardian/guardian_1.blend1.meta -> /mnt/data/school/Stone Edge/StoneEdge/Assets/Models/guardian/guardian_1.blend1.meta 0-175 1.3 KiB/s
2018-01-14 16:59:25 ftp://se%40yoanlecoq.com@yoanlecoq.com/Models/guardian/guardian_ref.jpg.meta -> /mnt/data/school/Stone Edge/StoneEdge/Assets/Models/guardian/guardian_ref.jpg.meta 0-1610 13.0 KiB/s
2018-01-14 16:59:25 ftp://se%40yoanlecoq.com@yoanlecoq.com/Models/guardian/renders.meta -> /mnt/data/school/Stone Edge/StoneEdge/Assets/Models/guardian/renders.meta 0-192 1.5 KiB/s
2018-01-14 16:59:27 ftp://se%40yoanlecoq.com@yoanlecoq.com/Models/guardian/Materials/Material_001.mat -> /mnt/data/school/Stone Edge/StoneEdge/Assets/Models/guardian/Materials/Material_001.mat 0-2006 4.5 KiB/s
2018-01-14 16:59:27 ftp://se%40yoanlecoq.com@yoanlecoq.com/Models/guardian/Materials/Material_001.mat.meta -> /mnt/data/school/Stone Edge/StoneEdge/Assets/Models/guardian/Materials/Material_001.mat.meta 0-208 1.1 KiB/s
2018-01-14 16:59:27 ftp://se%40yoanlecoq.com@yoanlecoq.com/Models/guardian/Materials/unnamed.mat -> /mnt/data/school/Stone Edge/StoneEdge/Assets/Models/guardian/Materials/unnamed.mat 0-2001 6.7 KiB/s
2018-01-14 16:59:27 ftp://se%40yoanlecoq.com@yoanlecoq.com/Models/guardian/Materials/unnamed.mat.meta -> /mnt/data/school/Stone Edge/StoneEdge/Assets/Models/guardian/Materials/unnamed.mat.meta 0-208 802 B/s
2018-01-14 16:59:29 ftp://se%40yoanlecoq.com@yoanlecoq.com/Models/guardian/renders/preview_guardian_0001.png.meta -> /mnt/data/school/Stone Edge/StoneEdge/Assets/Models/guardian/renders/preview_guardian_0001.png.meta 0-1610 5.1 KiB/s
2018-01-14 16:59:29 ftp://se%40yoanlecoq.com@yoanlecoq.com/Models/guardian/renders/preview_guardian_0002.png.meta -> /mnt/data/school/Stone Edge/StoneEdge/Assets/Models/guardian/renders/preview_guardian_0002.png.meta 0-1610 8.4 KiB/s
2018-01-14 16:59:29 ftp://se%40yoanlecoq.com@yoanlecoq.com/Models/guardian/renders/preview_guardian_0003.png.meta -> /mnt/data/school/Stone Edge/StoneEdge/Assets/Models/guardian/renders/preview_guardian_0003.png.meta 0-1610 12.6 KiB/s
2018-01-17 17:59:47 /mnt/data/school/Stone Edge/StoneEdge/Assets/Models/guardian/guardian_4.blend -> ftp://se%40yoanlecoq.com@yoanlecoq.com/Models/guardian/guardian_4.blend 0-823588 1.66 MiB/s
